2025-09-24 13:42:53.615808 (276285) main____ INFO    ----------------------------------------
2025-09-24 13:42:53.615877 (276285) main____ INFO    Jasper version info
2025-09-24 13:42:53.615881 (276285) main____ INFO      tool      : Jasper 2022.03
2025-09-24 13:42:53.615884 (276285) main____ INFO      version   : 2022.03p002 64 bits
2025-09-24 13:42:53.615886 (276285) main____ INFO      build date: 2022.05.26 13:21:20 UTC
2025-09-24 13:42:53.615888 (276285) main____ INFO    ----------------------------------------
2025-09-24 13:42:53.615890 (276285) main____ INFO    Runtime info:
2025-09-24 13:42:53.615892 (276285) main____ INFO      platform  : Linux 6.8.0-51-generic x86_64
2025-09-24 13:42:53.615895 (276285) main____ INFO      hostname  : vcsdl4
2025-09-24 13:42:53.615897 (276285) main____ INFO      pid       : 276285
2025-09-24 13:42:53.615898 (276285) main____ INFO      arguments : '-style' 'windows' '../script/jasper_sb_3.tcl'
2025-09-24 13:42:53.615901 (276285) main____ INFO      locale    : UTF-8
2025-09-24 13:42:53.615903 (276285) main____ INFO    ----------------------------------------
2025-09-24 13:42:53.615905 (276285) main____ INFO    System resource limits info:
2025-09-24 13:42:53.615909 (276285) main____ INFO      virtual memory: unlimited
2025-09-24 13:42:53.615911 (276285) main____ INFO      cpu time      : unlimited
2025-09-24 13:42:53.615914 (276285) main____ INFO      processes     : unlimited
2025-09-24 13:42:53.615923 (276285) main____ INFO      stack size    : 8388608 B
2025-09-24 13:42:53.615926 (276285) main____ INFO      core file size: unlimited
2025-09-24 13:42:53.615931 (276285) main____ INFO      open files    : 1048576
2025-09-24 13:42:53.615934 (276285) main____ INFO      file size     : unlimited
2025-09-24 13:42:53.615936 (276285) main____ INFO    ----------------------------------------
2025-09-24 13:42:53.615938 (276285) main____ INFO    Memory statistics:
2025-09-24 13:42:53.615941 (276285) main____ INFO      total physical memory  : 263142504 kB
2025-09-24 13:42:53.615944 (276285) main____ INFO      free physical memory   : 53377016 kB
2025-09-24 13:42:53.615946 (276285) main____ INFO      committed address space: 63716116 kB
2025-09-24 13:42:53.615948 (276285) main____ INFO    ----------------------------------------
2025-09-24 13:42:53.616445 (276285) main____ INFO    Important environment variables:
2025-09-24 13:42:53.616453 (276285) main____ INFO      DISPLAY               : ':1001.0'
2025-09-24 13:42:53.616456 (276285) main____ INFO      JASPER_INSTALL_DIR    : '/cad/cadence/JASPER/jasper_2022.03p002'
2025-09-24 13:42:53.616459 (276285) main____ INFO      JASPER_MACRO_LINEFILES: '1'
2025-09-24 13:42:53.616461 (276285) main____ INFO      JASPER_OS_CHECK       : '1'
2025-09-24 13:42:53.616463 (276285) main____ INFO      JG_MACRO_LINEFILES    : '1'
2025-09-24 13:42:53.616465 (276285) main____ INFO      LANG                  : 'en_US.UTF-8'
2025-09-24 13:42:53.616467 (276285) main____ INFO      LM_LICENSE_FILE       : '1717@lshc:26585@lshc:5280@lshc:'
2025-09-24 13:42:53.616468 (276285) main____ INFO    ----------------------------------------
2025-09-24 13:42:53.616961 (276285) lic_core INFO    Initializing license system ...
2025-09-24 13:42:53.618474 (276285) lic_core INFO    ... license system initialized.
2025-09-24 13:42:53.619863 (276285) lic__man INFO    Claim 'main' for <ui>.
2025-09-24 13:42:53.619904 (276285) lic_core INFO    (1) checking out 'jasper_interactive' ...
2025-09-24 13:42:53.892864 (276285) lic_core INFO    ... (1) checkout succeeded
2025-09-24 13:42:53.892991 (276285) lic__man INFO    Claim 'fpv' for <ui>.
2025-09-24 13:42:53.893010 (276285) lic_core INFO    (2) checking out 'jasper_fpv' ...
2025-09-24 13:42:53.976088 (276285) lic_core INFO    ... (2) checkout failed (error: -5) ("FLEXnet ERROR(-5, 0, 0): No such feature exists.")
2025-09-24 13:42:53.976210 (276285) lic_core INFO    (3) checking out 'jasper_fao' ...
2025-09-24 13:42:54.130126 (276285) lic_core INFO    ... (3) checkout succeeded
2025-09-24 13:42:54.130695 (276285) main____ INFO    Tool inactivity delay is 480000 ms.
2025-09-24 13:42:54.504037 (276285) lic__man INFO    Claim 'fpv' for <ui>.
2025-09-24 13:42:54.597361 (276285) lic__man INFO    Unclaim 'fpv' for <ui>.
2025-09-24 13:42:54.597422 (276285) lic__man INFO    Claim 'fpv' for <ui>.
2025-09-24 13:42:54.600564 (276285) session_ INFO    Starting analysis session with session id 'session_0' (launcher: <local>) ...
2025-09-24 13:42:54.605915 (276285) session_ INFO    Analysis session with session id 'session_0' started (pid: 276298)
2025-09-24 13:42:55.273831 (276285) session_ INFO    Analysis session 'session_0' connected to the console (host: 127.0.0.1:48994)
2025-09-24 13:42:55.676256 (276285) main____ INFO    Releasing console memory by request of analysis session 'session_0'.
2025-09-24 13:42:55.677523 (276285) lic__man INFO    Unclaim everything for 'session_0'.
2025-09-24 13:42:55.683261 (276285) lic__man INFO    Claim 'cov' for 'session_0'.
2025-09-24 13:42:55.683326 (276285) lic_core INFO    (4) checking out 'jasper_coverage' ...
2025-09-24 13:42:55.951796 (276285) lic_core INFO    ... (4) checkout failed (error: -5) ("FLEXnet ERROR(-5, 0, 0): No such feature exists.")
2025-09-24 13:42:55.951931 (276285) lic_core INFO    (5) checking out 'jasper_pcov' ...
2025-09-24 13:42:56.100615 (276285) lic_core INFO    ... (5) checkout succeeded
2025-09-24 13:42:56.813234 (276285) lic__man INFO    Unclaim everything for 'session_0'.
2025-09-24 13:42:56.872389 (276285) lic__man INFO    Claim 'cov' for 'session_0'.
2025-09-24 13:42:56.920196 (276285) lic__man INFO    Claim 'fpv' for 'session_0'.
2025-09-24 13:42:56.920281 (276285) lic__man INFO    Claim 'fpv' for 'session_0/prove-0'.
2025-09-24 13:42:57.677765 (276285) lic__man INFO    Unclaim everything for 'session_0/prove-0'.
2025-09-24 13:42:59.553687 (276285) main____ INFO    About to exit: requested from GUI
2025-09-24 13:42:59.628652 (276285) session_ INFO    Analysis session 'session_0' disconnected.
2025-09-24 13:42:59.635226 (276285) lic_core INFO    (1) checkin jasper_interactive
2025-09-24 13:42:59.643722 (276285) lic_core INFO    (3) checkin jasper_fao
2025-09-24 13:42:59.803090 (276285) lic_core INFO    (5) checkin jasper_pcov
2025-09-24 13:42:59.812647 (276285) main____ INFO    Exiting with status 0.
