2025-09-23 16:32:24.697467 (256610) main____ INFO    ----------------------------------------
2025-09-23 16:32:24.697529 (256610) main____ INFO    Jasper version info
2025-09-23 16:32:24.697534 (256610) main____ INFO      tool      : Jasper 2022.03
2025-09-23 16:32:24.697537 (256610) main____ INFO      version   : 2022.03p002 64 bits
2025-09-23 16:32:24.697540 (256610) main____ INFO      build date: 2022.05.26 13:21:20 UTC
2025-09-23 16:32:24.697542 (256610) main____ INFO    ----------------------------------------
2025-09-23 16:32:24.697544 (256610) main____ INFO    Runtime info:
2025-09-23 16:32:24.697547 (256610) main____ INFO      platform  : Linux 6.8.0-51-generic x86_64
2025-09-23 16:32:24.697550 (256610) main____ INFO      hostname  : vcsdl4
2025-09-23 16:32:24.697552 (256610) main____ INFO      pid       : 256610
2025-09-23 16:32:24.697554 (256610) main____ INFO      arguments : '-style' 'windows'
2025-09-23 16:32:24.697557 (256610) main____ INFO      locale    : UTF-8
2025-09-23 16:32:24.697559 (256610) main____ INFO    ----------------------------------------
2025-09-23 16:32:24.697562 (256610) main____ INFO    System resource limits info:
2025-09-23 16:32:24.697565 (256610) main____ INFO      virtual memory: unlimited
2025-09-23 16:32:24.697567 (256610) main____ INFO      cpu time      : unlimited
2025-09-23 16:32:24.697569 (256610) main____ INFO      processes     : unlimited
2025-09-23 16:32:24.697575 (256610) main____ INFO      stack size    : 8388608 B
2025-09-23 16:32:24.697577 (256610) main____ INFO      core file size: unlimited
2025-09-23 16:32:24.697582 (256610) main____ INFO      open files    : 1048576
2025-09-23 16:32:24.697585 (256610) main____ INFO      file size     : unlimited
2025-09-23 16:32:24.697587 (256610) main____ INFO    ----------------------------------------
2025-09-23 16:32:24.697589 (256610) main____ INFO    Memory statistics:
2025-09-23 16:32:24.697592 (256610) main____ INFO      total physical memory  : 263142504 kB
2025-09-23 16:32:24.697594 (256610) main____ INFO      free physical memory   : 59360896 kB
2025-09-23 16:32:24.697596 (256610) main____ INFO      committed address space: 52057940 kB
2025-09-23 16:32:24.697598 (256610) main____ INFO    ----------------------------------------
2025-09-23 16:32:24.698088 (256610) main____ INFO    Important environment variables:
2025-09-23 16:32:24.698099 (256610) main____ INFO      DISPLAY               : ':1001.0'
2025-09-23 16:32:24.698103 (256610) main____ INFO      JASPER_INSTALL_DIR    : '/cad/cadence/JASPER/jasper_2022.03p002'
2025-09-23 16:32:24.698105 (256610) main____ INFO      JASPER_MACRO_LINEFILES: '1'
2025-09-23 16:32:24.698108 (256610) main____ INFO      JASPER_OS_CHECK       : '1'
2025-09-23 16:32:24.698110 (256610) main____ INFO      JG_MACRO_LINEFILES    : '1'
2025-09-23 16:32:24.698113 (256610) main____ INFO      LANG                  : 'en_US.UTF-8'
2025-09-23 16:32:24.698115 (256610) main____ INFO      LM_LICENSE_FILE       : '1717@lshc:26585@lshc:5280@lshc:'
2025-09-23 16:32:24.698117 (256610) main____ INFO    ----------------------------------------
2025-09-23 16:32:24.698616 (256610) lic_core INFO    Initializing license system ...
2025-09-23 16:32:24.700189 (256610) lic_core INFO    ... license system initialized.
2025-09-23 16:32:24.701552 (256610) lic__man INFO    Claim 'main' for <ui>.
2025-09-23 16:32:24.701595 (256610) lic_core INFO    (1) checking out 'jasper_interactive' ...
2025-09-23 16:32:24.988442 (256610) lic_core INFO    ... (1) checkout succeeded
2025-09-23 16:32:24.988591 (256610) lic__man INFO    Claim 'fpv' for <ui>.
2025-09-23 16:32:24.988617 (256610) lic_core INFO    (2) checking out 'jasper_fpv' ...
2025-09-23 16:32:25.206535 (256610) lic_core INFO    ... (2) checkout failed (error: -5) ("FLEXnet ERROR(-5, 0, 0): No such feature exists.")
2025-09-23 16:32:25.206656 (256610) lic_core INFO    (3) checking out 'jasper_fao' ...
2025-09-23 16:32:25.384301 (256610) lic_core INFO    ... (3) checkout succeeded
2025-09-23 16:32:25.384882 (256610) main____ INFO    Tool inactivity delay is 480000 ms.
2025-09-23 16:32:25.760601 (256610) lic__man INFO    Claim 'fpv' for <ui>.
2025-09-23 16:32:25.853390 (256610) lic__man INFO    Unclaim 'fpv' for <ui>.
2025-09-23 16:32:25.853458 (256610) lic__man INFO    Claim 'fpv' for <ui>.
2025-09-23 16:32:25.856650 (256610) session_ INFO    Starting analysis session with session id 'session_0' (launcher: <local>) ...
2025-09-23 16:32:25.861950 (256610) session_ INFO    Analysis session with session id 'session_0' started (pid: 256623)
2025-09-23 16:32:26.555189 (256610) session_ INFO    Analysis session 'session_0' connected to the console (host: 127.0.0.1:40260)
2025-09-23 16:32:40.677732 (256610) main____ INFO    Releasing console memory by request of analysis session 'session_0'.
2025-09-23 16:32:40.679218 (256610) lic__man INFO    Unclaim everything for 'session_0'.
2025-09-23 16:32:40.679460 (256610) lic__man INFO    Claim 'cov' for 'session_0'.
2025-09-23 16:32:40.679493 (256610) lic_core INFO    (4) checking out 'jasper_coverage' ...
2025-09-23 16:32:40.771249 (256610) lic_core INFO    ... (4) checkout failed (error: -5) ("FLEXnet ERROR(-5, 0, 0): No such feature exists.")
2025-09-23 16:32:40.771353 (256610) lic_core INFO    (5) checking out 'jasper_pcov' ...
2025-09-23 16:32:41.090409 (256610) lic_core INFO    ... (5) checkout succeeded
2025-09-23 16:34:58.623410 (256610) main____ INFO    Releasing console memory by request of analysis session 'session_0'.
2025-09-23 16:34:58.623524 (256610) lic__man INFO    Unclaim everything for 'session_0'.
2025-09-23 16:34:58.636173 (256610) lic__man INFO    Claim 'cov' for 'session_0'.
2025-09-23 16:34:59.309389 (256610) lic__man INFO    Unclaim everything for 'session_0'.
2025-09-23 16:34:59.367288 (256610) lic__man INFO    Claim 'cov' for 'session_0'.
2025-09-23 16:34:59.413123 (256610) lic__man INFO    Claim 'fpv' for 'session_0'.
2025-09-23 16:34:59.413210 (256610) lic__man INFO    Claim 'fpv' for 'session_0/prove-0'.
2025-09-23 16:34:59.805454 (256610) lic__man INFO    Unclaim everything for 'session_0/prove-0'.
2025-09-23 16:35:19.892160 (256610) lic__man INFO    Claim 'fpv' for 'session_0'.
2025-09-23 16:43:42.832301 (256610) main____ INFO    Releasing console memory by request of analysis session 'session_0'.
2025-09-23 16:43:42.832618 (256610) lic__man INFO    Unclaim everything for 'session_0'.
2025-09-23 16:43:42.832951 (256610) lic__man INFO    Claim 'cov' for 'session_0'.
2025-09-23 16:43:43.475946 (256610) lic__man INFO    Unclaim everything for 'session_0'.
2025-09-23 16:43:43.531640 (256610) lic__man INFO    Claim 'cov' for 'session_0'.
2025-09-23 16:43:43.578205 (256610) lic__man INFO    Claim 'fpv' for 'session_0'.
2025-09-23 16:43:43.578287 (256610) lic__man INFO    Claim 'fpv' for 'session_0/prove-0'.
2025-09-23 16:43:44.202174 (256610) lic__man INFO    Unclaim everything for 'session_0/prove-0'.
2025-09-23 16:46:15.540848 (256610) main____ INFO    Releasing console memory by request of analysis session 'session_0'.
2025-09-23 16:46:15.541066 (256610) lic__man INFO    Unclaim everything for 'session_0'.
2025-09-23 16:46:15.541435 (256610) lic__man INFO    Claim 'cov' for 'session_0'.
2025-09-23 16:46:16.181887 (256610) lic__man INFO    Unclaim everything for 'session_0'.
2025-09-23 16:46:16.238510 (256610) lic__man INFO    Claim 'cov' for 'session_0'.
2025-09-23 16:46:16.284352 (256610) lic__man INFO    Claim 'fpv' for 'session_0'.
2025-09-23 16:46:16.284427 (256610) lic__man INFO    Claim 'fpv' for 'session_0/prove-0'.
2025-09-23 16:46:16.636063 (256610) lic__man INFO    Unclaim everything for 'session_0/prove-0'.
2025-09-23 16:46:19.622143 (256610) lic__man INFO    Claim 'fpv' for 'session_0'.
2025-09-23 16:49:04.948282 (256610) main____ INFO    Releasing console memory by request of analysis session 'session_0'.
2025-09-23 16:49:04.948833 (256610) lic__man INFO    Unclaim everything for 'session_0'.
2025-09-23 16:49:04.956663 (256610) lic__man INFO    Claim 'cov' for 'session_0'.
2025-09-23 16:49:05.588776 (256610) lic__man INFO    Unclaim everything for 'session_0'.
2025-09-23 16:49:05.643409 (256610) lic__man INFO    Claim 'cov' for 'session_0'.
2025-09-23 16:49:05.690826 (256610) lic__man INFO    Claim 'fpv' for 'session_0'.
2025-09-23 16:49:05.690906 (256610) lic__man INFO    Claim 'fpv' for 'session_0/prove-0'.
2025-09-23 16:49:06.074927 (256610) lic__man INFO    Unclaim everything for 'session_0/prove-0'.
2025-09-23 16:49:09.633214 (256610) lic__man INFO    Claim 'fpv' for 'session_0'.
2025-09-23 16:55:27.705874 (256610) main____ INFO    Releasing console memory by request of analysis session 'session_0'.
2025-09-23 16:55:27.706191 (256610) lic__man INFO    Unclaim everything for 'session_0'.
2025-09-23 16:55:27.706465 (256610) lic__man INFO    Claim 'cov' for 'session_0'.
2025-09-23 16:55:28.311919 (256610) lic__man INFO    Unclaim everything for 'session_0'.
2025-09-23 16:55:28.367302 (256610) lic__man INFO    Claim 'cov' for 'session_0'.
2025-09-23 16:55:28.414658 (256610) lic__man INFO    Claim 'fpv' for 'session_0'.
2025-09-23 16:55:28.414746 (256610) lic__man INFO    Claim 'fpv' for 'session_0/prove-0'.
2025-09-23 16:55:28.799549 (256610) lic__man INFO    Unclaim everything for 'session_0/prove-0'.
2025-09-23 16:55:33.943293 (256610) lic__man INFO    Claim 'fpv' for 'session_0'.
2025-09-23 16:59:36.658303 (256610) main____ INFO    Releasing console memory by request of analysis session 'session_0'.
2025-09-23 16:59:36.658657 (256610) lic__man INFO    Unclaim everything for 'session_0'.
2025-09-23 16:59:36.666749 (256610) lic__man INFO    Claim 'cov' for 'session_0'.
2025-09-23 16:59:37.327584 (256610) lic__man INFO    Unclaim everything for 'session_0'.
2025-09-23 16:59:37.382782 (256610) lic__man INFO    Claim 'cov' for 'session_0'.
2025-09-23 16:59:37.428894 (256610) lic__man INFO    Claim 'fpv' for 'session_0'.
2025-09-23 16:59:37.428967 (256610) lic__man INFO    Claim 'fpv' for 'session_0/prove-0'.
2025-09-23 16:59:38.202950 (256610) lic__man INFO    Unclaim everything for 'session_0/prove-0'.
2025-09-23 17:08:11.897421 (256610) lic__man INFO    Entering idle state.
2025-09-23 17:49:28.456844 (256610) lic__man INFO    Leaving idle state.
2025-09-23 17:49:33.066401 (256610) main____ INFO    Releasing console memory by request of analysis session 'session_0'.
2025-09-23 17:49:33.066756 (256610) lic__man INFO    Unclaim everything for 'session_0'.
2025-09-23 17:49:33.067125 (256610) lic__man INFO    Claim 'cov' for 'session_0'.
2025-09-23 17:49:33.718066 (256610) lic__man INFO    Unclaim everything for 'session_0'.
2025-09-23 17:49:33.773483 (256610) lic__man INFO    Claim 'cov' for 'session_0'.
2025-09-23 17:49:33.819783 (256610) lic__man INFO    Claim 'fpv' for 'session_0'.
2025-09-23 17:49:33.819862 (256610) lic__man INFO    Claim 'fpv' for 'session_0/prove-0'.
2025-09-23 17:49:34.602035 (256610) lic__man INFO    Unclaim everything for 'session_0/prove-0'.
2025-09-23 17:58:32.898071 (256610) lic__man INFO    Entering idle state.
